mode: set
github.com/ctcsar/metric-and-alerting-system-yp/cmd/server/main.go:13.13,20.77 5 0
github.com/ctcsar/metric-and-alerting-system-yp/cmd/server/main.go:20.77,23.3 2 0
github.com/ctcsar/metric-and-alerting-system-yp/internal/flags/agent_flags.go:14.22,19.2 3 0
github.com/ctcsar/metric-and-alerting-system-yp/internal/flags/agent_flags.go:20.29,21.58 1 0
github.com/ctcsar/metric-and-alerting-system-yp/internal/flags/agent_flags.go:21.58,23.3 1 0
github.com/ctcsar/metric-and-alerting-system-yp/internal/flags/agent_flags.go:24.2,24.16 1 0
github.com/ctcsar/metric-and-alerting-system-yp/internal/flags/agent_flags.go:28.38,29.66 1 0
github.com/ctcsar/metric-and-alerting-system-yp/internal/flags/agent_flags.go:29.66,31.3 1 0
github.com/ctcsar/metric-and-alerting-system-yp/internal/flags/agent_flags.go:32.2,32.32 1 0
github.com/ctcsar/metric-and-alerting-system-yp/internal/flags/agent_flags.go:35.44,36.64 1 0
github.com/ctcsar/metric-and-alerting-system-yp/internal/flags/agent_flags.go:36.64,38.3 1 0
github.com/ctcsar/metric-and-alerting-system-yp/internal/flags/agent_flags.go:39.2,39.45 1 0
github.com/ctcsar/metric-and-alerting-system-yp/internal/flags/server_flags.go:13.23,15.2 1 0
github.com/ctcsar/metric-and-alerting-system-yp/internal/flags/server_flags.go:17.28,18.58 1 0
github.com/ctcsar/metric-and-alerting-system-yp/internal/flags/server_flags.go:18.58,20.3 1 0
github.com/ctcsar/metric-and-alerting-system-yp/internal/flags/server_flags.go:22.2,22.20 1 0
github.com/ctcsar/metric-and-alerting-system-yp/cmd/agent/main.go:16.13,23.6 6 0
github.com/ctcsar/metric-and-alerting-system-yp/cmd/agent/main.go:23.6,25.35 2 0
github.com/ctcsar/metric-and-alerting-system-yp/cmd/agent/main.go:25.35,28.18 2 0
github.com/ctcsar/metric-and-alerting-system-yp/cmd/agent/main.go:28.18,30.5 1 0
github.com/ctcsar/metric-and-alerting-system-yp/cmd/agent/main.go:32.3,32.37 1 0
github.com/ctcsar/metric-and-alerting-system-yp/cmd/agent/main.go:32.37,34.18 2 0
github.com/ctcsar/metric-and-alerting-system-yp/cmd/agent/main.go:34.18,36.5 1 0
github.com/ctcsar/metric-and-alerting-system-yp/cmd/agent/main.go:39.3,39.52 1 0
github.com/ctcsar/metric-and-alerting-system-yp/internal/handlers/agent_handler.go:12.97,15.16 3 0
github.com/ctcsar/metric-and-alerting-system-yp/internal/handlers/agent_handler.go:15.16,17.3 1 0
github.com/ctcsar/metric-and-alerting-system-yp/internal/handlers/agent_handler.go:18.2,18.12 1 0
github.com/ctcsar/metric-and-alerting-system-yp/internal/handlers/agent_handler.go:21.25,24.12 3 0
github.com/ctcsar/metric-and-alerting-system-yp/internal/handlers/agent_handler.go:24.12,28.3 3 0
github.com/ctcsar/metric-and-alerting-system-yp/internal/handlers/server_handler.go:17.71,18.54 1 1
github.com/ctcsar/metric-and-alerting-system-yp/internal/handlers/server_handler.go:18.54,24.21 5 1
github.com/ctcsar/metric-and-alerting-system-yp/internal/handlers/server_handler.go:25.16,27.11 2 1
github.com/ctcsar/metric-and-alerting-system-yp/internal/handlers/server_handler.go:27.11,30.5 2 1
github.com/ctcsar/metric-and-alerting-system-yp/internal/handlers/server_handler.go:31.4,32.18 2 0
github.com/ctcsar/metric-and-alerting-system-yp/internal/handlers/server_handler.go:32.18,35.5 2 0
github.com/ctcsar/metric-and-alerting-system-yp/internal/handlers/server_handler.go:36.18,38.11 2 0
github.com/ctcsar/metric-and-alerting-system-yp/internal/handlers/server_handler.go:38.11,41.5 2 0
github.com/ctcsar/metric-and-alerting-system-yp/internal/handlers/server_handler.go:42.4,43.18 2 0
github.com/ctcsar/metric-and-alerting-system-yp/internal/handlers/server_handler.go:43.18,46.5 2 0
github.com/ctcsar/metric-and-alerting-system-yp/internal/handlers/server_handler.go:47.11,49.10 2 0
github.com/ctcsar/metric-and-alerting-system-yp/internal/handlers/server_handler.go:54.70,55.54 1 1
github.com/ctcsar/metric-and-alerting-system-yp/internal/handlers/server_handler.go:55.54,60.47 5 1
github.com/ctcsar/metric-and-alerting-system-yp/internal/handlers/server_handler.go:60.47,62.48 2 1
github.com/ctcsar/metric-and-alerting-system-yp/internal/handlers/server_handler.go:62.48,64.5 1 0
github.com/ctcsar/metric-and-alerting-system-yp/internal/handlers/server_handler.go:66.3,66.49 1 1
github.com/ctcsar/metric-and-alerting-system-yp/internal/handlers/server_handler.go:66.49,68.48 2 1
github.com/ctcsar/metric-and-alerting-system-yp/internal/handlers/server_handler.go:68.48,70.5 1 0
github.com/ctcsar/metric-and-alerting-system-yp/internal/handlers/server_handler.go:72.3,74.17 3 1
github.com/ctcsar/metric-and-alerting-system-yp/internal/handlers/server_handler.go:74.17,76.4 1 0
github.com/ctcsar/metric-and-alerting-system-yp/internal/handlers/server_handler.go:80.83,81.54 1 1
github.com/ctcsar/metric-and-alerting-system-yp/internal/handlers/server_handler.go:81.54,85.34 3 1
github.com/ctcsar/metric-and-alerting-system-yp/internal/handlers/server_handler.go:85.34,88.4 2 0
github.com/ctcsar/metric-and-alerting-system-yp/internal/handlers/server_handler.go:89.3,93.21 4 1
github.com/ctcsar/metric-and-alerting-system-yp/internal/handlers/server_handler.go:93.21,96.4 2 0
github.com/ctcsar/metric-and-alerting-system-yp/internal/handlers/server_handler.go:97.3,97.74 1 1
github.com/ctcsar/metric-and-alerting-system-yp/internal/handlers/server_handler.go:97.74,100.4 2 1
github.com/ctcsar/metric-and-alerting-system-yp/internal/handlers/server_handler.go:102.3,102.28 1 1
github.com/ctcsar/metric-and-alerting-system-yp/internal/handlers/server_handler.go:102.28,104.18 2 1
github.com/ctcsar/metric-and-alerting-system-yp/internal/handlers/server_handler.go:104.18,107.5 2 0
github.com/ctcsar/metric-and-alerting-system-yp/internal/handlers/server_handler.go:108.4,109.18 2 1
github.com/ctcsar/metric-and-alerting-system-yp/internal/handlers/server_handler.go:109.18,112.5 2 0
github.com/ctcsar/metric-and-alerting-system-yp/internal/handlers/server_handler.go:113.9,113.37 1 0
github.com/ctcsar/metric-and-alerting-system-yp/internal/handlers/server_handler.go:113.37,115.18 2 0
github.com/ctcsar/metric-and-alerting-system-yp/internal/handlers/server_handler.go:115.18,118.5 2 0
github.com/ctcsar/metric-and-alerting-system-yp/internal/handlers/server_handler.go:119.4,120.18 2 0
github.com/ctcsar/metric-and-alerting-system-yp/internal/handlers/server_handler.go:120.18,123.5 2 0
github.com/ctcsar/metric-and-alerting-system-yp/internal/handlers/server_handler.go:125.3,125.31 1 1
github.com/ctcsar/metric-and-alerting-system-yp/internal/handlers/server_handler.go:129.60,133.2 3 1
github.com/ctcsar/metric-and-alerting-system-yp/internal/handlers/server_handler.go:135.74,138.2 2 1
github.com/ctcsar/metric-and-alerting-system-yp/internal/storage/agent_storage.go:19.38,22.2 1 0
github.com/ctcsar/metric-and-alerting-system-yp/internal/storage/agent_storage.go:23.47,58.2 3 1
github.com/ctcsar/metric-and-alerting-system-yp/internal/storage/agent_storage.go:60.46,65.2 1 1
github.com/ctcsar/metric-and-alerting-system-yp/internal/storage/agent_storage.go:67.72,69.6 2 0
github.com/ctcsar/metric-and-alerting-system-yp/internal/storage/agent_storage.go:69.6,75.3 5 0
github.com/ctcsar/metric-and-alerting-system-yp/internal/storage/server_storage.go:12.28,17.2 1 1
github.com/ctcsar/metric-and-alerting-system-yp/internal/storage/server_storage.go:19.35,21.2 1 0
github.com/ctcsar/metric-and-alerting-system-yp/internal/storage/server_storage.go:23.59,26.2 2 1
github.com/ctcsar/metric-and-alerting-system-yp/internal/storage/server_storage.go:28.59,31.2 2 1
github.com/ctcsar/metric-and-alerting-system-yp/internal/storage/server_storage.go:32.68,35.2 2 0
github.com/ctcsar/metric-and-alerting-system-yp/internal/storage/server_storage.go:37.68,40.2 2 0
github.com/ctcsar/metric-and-alerting-system-yp/internal/storage/server_storage.go:42.70,46.2 3 1
github.com/ctcsar/metric-and-alerting-system-yp/internal/storage/server_storage.go:48.70,52.2 3 0
